<?xml version="1.0" encoding="UTF-8"?>
<testsuites name="jest tests" tests="5" failures="0" errors="0" time="0.8">
  <testsuite name="__tests__/App.test.js" errors="0" failures="0" skipped="0" timestamp="2025-08-21T10:23:37" time="0.756" tests="5">
    <testcase classname="App Component" name="renders Hello World text" time="0.276">
    </testcase>
    <testcase classname="App Component" name="renders welcome subtitle" time="0.009">
    </testcase>
    <testcase classname="App Component" name="renders info text about the app" time="0.004">
    </testcase>
    <testcase classname="App Component" name="renders CI/CD info text" time="0.004">
    </testcase>
    <testcase classname="App Component" name="app component matches snapshot" time="0.007">
    </testcase>
  </testsuite>
</testsuites>